<?xml version="1.0" encoding="UTF-8"?>
<!-- Generated by org.testng.reporters.JUnitReportReporter -->
<testsuite hostname="LAPTOP-NM0HFLVG" failures="0" tests="1" name="TestUtilities.TC_01_test" time="11.807" errors="0" timestamp="2024-06-01T18:37:20 IST" skipped="0">
  <testcase classname="TestUtilities.TC_01_test" name="test" time="11.807"/>
  <system-out/>
</testsuite> <!-- TestUtilities.TC_01_test -->
