<?xml version="1.0" encoding="UTF-8"?>
<!-- Generated by org.testng.reporters.JUnitReportReporter -->
<testsuite hostname="LAPTOP-NM0HFLVG" failures="0" tests="1" name="TestUtilities.TC_01" time="8.571" errors="0" timestamp="2024-06-01T15:54:37 IST" skipped="0">
  <testcase classname="TestUtilities.TC_01" name="test" time="8.571"/>
  <system-out/>
</testsuite> <!-- TestUtilities.TC_01 -->
